[10-Jan-2023 16:12:18 PRC] PHP Notice:  Use of undefined constant MAIN_PRODUCT_ONLY - assumed 'MAIN_PRODUCT_ONLY' in /home/wwwroot/easyshop/domain/wolsportwear.com/web/includes/modules/pages/search/header_php.php on line 133
[18-Jan-2023 23:44:59 PRC] PHP Notice:  Use of undefined constant MAIN_PRODUCT_ONLY - assumed 'MAIN_PRODUCT_ONLY' in /home/wwwroot/easyshop/domain/wolsportwear.com/web/includes/modules/pages/search/header_php.php on line 133
[19-Jan-2023 10:13:11 PRC] PHP Notice:  Undefined index: master_category_id in /home/wwwroot/easyshop/domain/wolsportwear.com/web/includes/modules/payment_method.php on line 42
[19-Jan-2023 10:13:21 PRC] PHP Notice:  Undefined index: master_category_id in /home/wwwroot/easyshop/domain/wolsportwear.com/web/includes/modules/payment_method.php on line 42
[19-Jan-2023 10:14:04 PRC] PHP Notice:  Undefined index: master_category_id in /home/wwwroot/easyshop/domain/wolsportwear.com/web/includes/modules/payment_method.php on line 42
[19-Jan-2023 10:14:11 PRC] PHP Notice:  Undefined index: master_category_id in /home/wwwroot/easyshop/domain/wolsportwear.com/web/includes/modules/payment_method.php on line 42
[10-Feb-2023 11:41:02 PRC] PHP Fatal error:  Class 'Redis' not found in /Users/chengwang/Sites/localhost/web/includes/init_includes/init_db_config_read.php on line 25
[10-Feb-2023 11:42:58 PRC] PHP Fatal error:  Class 'Redis' not found in /Users/chengwang/Sites/localhost/web/includes/init_includes/init_db_config_read.php on line 25
[10-Feb-2023 11:43:06 PRC] PHP Fatal error:  Class 'Redis' not found in /Users/chengwang/Sites/localhost/web/includes/init_includes/init_db_config_read.php on line 25
[10-Feb-2023 11:43:45 PRC] PHP Fatal error:  Class 'Redis' not found in /Users/chengwang/Sites/localhost/web/includes/init_includes/init_db_config_read.php on line 25
[10-Feb-2023 11:43:46 PRC] PHP Fatal error:  Class 'Redis' not found in /Users/chengwang/Sites/localhost/web/includes/init_includes/init_db_config_read.php on line 25
[10-Feb-2023 11:43:56 PRC] PHP Fatal error:  Class 'Redis' not found in /Users/chengwang/Sites/localhost/web/includes/init_includes/init_db_config_read.php on line 25
[10-Feb-2023 11:43:57 PRC] PHP Fatal error:  Class 'Redis' not found in /Users/chengwang/Sites/localhost/web/includes/init_includes/init_db_config_read.php on line 25
[10-Feb-2023 11:45:15 PRC] PHP Fatal error:  Class 'Redis' not found in /Users/chengwang/Sites/localhost/web/includes/init_includes/init_db_config_read.php on line 25
[10-Feb-2023 11:46:06 PRC] PHP Fatal error:  Class 'Redis' not found in /Users/chengwang/Sites/localhost/web/includes/init_includes/init_db_config_read.php on line 25
[10-Feb-2023 11:46:15 PRC] PHP Fatal error:  Class 'Redis' not found in /Users/chengwang/Sites/localhost/web/includes/init_includes/init_db_config_read.php on line 25
[10-Feb-2023 11:50:25 PRC] PHP Notice:  Use of undefined constant USE_URL_REWRITE - assumed 'USE_URL_REWRITE' in /Users/chengwang/Sites/localhost/web/includes/init_includes/init_seo_url.php on line 3
[10-Feb-2023 11:50:25 PRC] PHP Notice:  Use of undefined constant TABLE_CATEGORY - assumed 'TABLE_CATEGORY' in /Users/chengwang/Sites/localhost/web/includes/classes/category_tree.php on line 15
[10-Feb-2023 11:50:26 PRC] PHP Notice:  Use of undefined constant USE_URL_REWRITE - assumed 'USE_URL_REWRITE' in /Users/chengwang/Sites/localhost/web/includes/init_includes/init_seo_url.php on line 3
[10-Feb-2023 11:50:26 PRC] PHP Notice:  Use of undefined constant TABLE_CATEGORY - assumed 'TABLE_CATEGORY' in /Users/chengwang/Sites/localhost/web/includes/classes/category_tree.php on line 15
[10-Feb-2023 12:56:06 PRC] PHP Fatal error:  Class 'Redis' not found in /Users/chengwang/Sites/localhost/web/includes/init_includes/init_db_config_read.php on line 25
[10-Feb-2023 12:56:11 PRC] PHP Fatal error:  Class 'Redis' not found in /Users/chengwang/Sites/localhost/web/includes/init_includes/init_db_config_read.php on line 25
[10-Feb-2023 13:00:15 PRC] PHP Catchable fatal error:  Object of class queryFactoryResult could not be converted to string in /Users/chengwang/Sites/localhost/web/includes/init_includes/init_db_config_read.php on line 17
[10-Feb-2023 13:02:40 PRC] PHP Fatal error:  Class 'Redis' not found in /Users/chengwang/Sites/localhost/web/includes/init_includes/init_db_config_read.php on line 28
[10-Feb-2023 13:05:49 PRC] PHP Fatal error:  Class 'Redis' not found in /Users/chengwang/Sites/localhost/web/includes/init_includes/init_db_config_read.php on line 27
[10-Feb-2023 13:08:11 PRC] PHP Catchable fatal error:  Object of class queryFactoryResult could not be converted to string in /Users/chengwang/Sites/localhost/web/includes/init_includes/init_db_config_read.php on line 18
[10-Feb-2023 13:08:12 PRC] PHP Catchable fatal error:  Object of class queryFactoryResult could not be converted to string in /Users/chengwang/Sites/localhost/web/includes/init_includes/init_db_config_read.php on line 18
[10-Feb-2023 13:10:02 PRC] PHP Fatal error:  Class 'Redis' not found in /Users/chengwang/Sites/localhost/web/includes/init_includes/init_db_config_read.php on line 27
[10-Feb-2023 13:22:37 PRC] PHP Notice:  Use of undefined constant GOOGLE_DOMAIN_VERIFICATION - assumed 'GOOGLE_DOMAIN_VERIFICATION' in /Users/chengwang/Sites/localhost/web/includes/templates/default/common/html_header.php on line 57
[10-Feb-2023 13:22:37 PRC] PHP Notice:  Use of undefined constant TIKTOK_DOMAIN_VERIFICATION - assumed 'TIKTOK_DOMAIN_VERIFICATION' in /Users/chengwang/Sites/localhost/web/includes/templates/default/common/html_header.php on line 59
[10-Feb-2023 13:22:37 PRC] PHP Notice:  Use of undefined constant DOMAIN_VERIFICATION - assumed 'DOMAIN_VERIFICATION' in /Users/chengwang/Sites/localhost/web/includes/templates/default/common/html_header.php on line 60
[10-Feb-2023 13:22:54 PRC] PHP Notice:  Use of undefined constant GOOGLE_DOMAIN_VERIFICATION - assumed 'GOOGLE_DOMAIN_VERIFICATION' in /Users/chengwang/Sites/localhost/web/includes/templates/default/common/html_header.php on line 57
[10-Feb-2023 13:22:54 PRC] PHP Notice:  Use of undefined constant TIKTOK_DOMAIN_VERIFICATION - assumed 'TIKTOK_DOMAIN_VERIFICATION' in /Users/chengwang/Sites/localhost/web/includes/templates/default/common/html_header.php on line 59
[10-Feb-2023 13:22:54 PRC] PHP Notice:  Use of undefined constant DOMAIN_VERIFICATION - assumed 'DOMAIN_VERIFICATION' in /Users/chengwang/Sites/localhost/web/includes/templates/default/common/html_header.php on line 60
[10-Feb-2023 13:38:00 PRC] PHP Notice:  Use of undefined constant GOOGLE_DOMAIN_VERIFICATION - assumed 'GOOGLE_DOMAIN_VERIFICATION' in /Users/chengwang/Sites/localhost/web/includes/templates/default/common/html_header.php on line 57
[10-Feb-2023 13:38:00 PRC] PHP Notice:  Use of undefined constant TIKTOK_DOMAIN_VERIFICATION - assumed 'TIKTOK_DOMAIN_VERIFICATION' in /Users/chengwang/Sites/localhost/web/includes/templates/default/common/html_header.php on line 59
[10-Feb-2023 13:38:00 PRC] PHP Notice:  Use of undefined constant DOMAIN_VERIFICATION - assumed 'DOMAIN_VERIFICATION' in /Users/chengwang/Sites/localhost/web/includes/templates/default/common/html_header.php on line 60
